2018-04-15 05:18:15,243 INFO org.apache.hadoop.yarn.client.RMProxy (main): Connecting to ResourceManager at ip-172-31-34-185.us-west-2.compute.internal/172.31.34.185:8032
2018-04-15 05:18:15,906 INFO org.apache.hadoop.mapreduce.lib.input.FileInputFormat (main): Total input files to process : 1
2018-04-15 05:18:15,937 INFO com.hadoop.compression.lzo.GPLNativeCodeLoader (main): Loaded native gpl library
2018-04-15 05:18:15,942 INFO com.hadoop.compression.lzo.LzoCodec (main): Successfully loaded & initialized native-lzo library [hadoop-lzo rev 300391394352b074b85b529e870816a72c6f314a]
2018-04-15 05:18:16,011 INFO org.apache.hadoop.mapreduce.JobSubmitter (main): number of splits:15
2018-04-15 05:18:16,179 INFO org.apache.hadoop.mapreduce.JobSubmitter (main): Submitting tokens for job: job_1523766339627_0001
2018-04-15 05:18:17,089 INFO org.apache.hadoop.yarn.client.api.impl.YarnClientImpl (main): Submitted application application_1523766339627_0001
2018-04-15 05:18:17,295 INFO org.apache.hadoop.mapreduce.Job (main): The url to track the job: http://ip-172-31-34-185.us-west-2.compute.internal:20888/proxy/application_1523766339627_0001/
2018-04-15 05:18:17,301 INFO org.apache.hadoop.mapreduce.Job (main): Running job: job_1523766339627_0001
2018-04-15 05:18:26,444 INFO org.apache.hadoop.mapreduce.Job (main): Job job_1523766339627_0001 running in uber mode : false
2018-04-15 05:18:26,445 INFO org.apache.hadoop.mapreduce.Job (main):  map 0% reduce 0%
2018-04-15 05:18:43,587 INFO org.apache.hadoop.mapreduce.Job (main):  map 13% reduce 0%
2018-04-15 05:18:53,641 INFO org.apache.hadoop.mapreduce.Job (main):  map 19% reduce 0%
2018-04-15 05:18:54,647 INFO org.apache.hadoop.mapreduce.Job (main):  map 21% reduce 0%
2018-04-15 05:18:59,669 INFO org.apache.hadoop.mapreduce.Job (main):  map 41% reduce 0%
2018-04-15 05:19:00,674 INFO org.apache.hadoop.mapreduce.Job (main):  map 48% reduce 0%
2018-04-15 05:19:01,678 INFO org.apache.hadoop.mapreduce.Job (main):  map 51% reduce 0%
2018-04-15 05:19:02,685 INFO org.apache.hadoop.mapreduce.Job (main):  map 53% reduce 0%
2018-04-15 05:19:14,740 INFO org.apache.hadoop.mapreduce.Job (main):  map 60% reduce 0%
2018-04-15 05:19:15,744 INFO org.apache.hadoop.mapreduce.Job (main):  map 67% reduce 0%
2018-04-15 05:19:20,766 INFO org.apache.hadoop.mapreduce.Job (main):  map 73% reduce 0%
2018-04-15 05:19:21,773 INFO org.apache.hadoop.mapreduce.Job (main):  map 80% reduce 0%
2018-04-15 05:19:25,790 INFO org.apache.hadoop.mapreduce.Job (main):  map 80% reduce 9%
2018-04-15 05:19:26,796 INFO org.apache.hadoop.mapreduce.Job (main):  map 87% reduce 9%
2018-04-15 05:19:28,808 INFO org.apache.hadoop.mapreduce.Job (main):  map 93% reduce 9%
2018-04-15 05:19:29,819 INFO org.apache.hadoop.mapreduce.Job (main):  map 100% reduce 9%
2018-04-15 05:19:30,824 INFO org.apache.hadoop.mapreduce.Job (main):  map 100% reduce 33%
2018-04-15 05:19:32,834 INFO org.apache.hadoop.mapreduce.Job (main):  map 100% reduce 67%
2018-04-15 05:19:33,838 INFO org.apache.hadoop.mapreduce.Job (main):  map 100% reduce 100%
2018-04-15 05:19:34,847 INFO org.apache.hadoop.mapreduce.Job (main): Job job_1523766339627_0001 completed successfully
2018-04-15 05:19:34,961 INFO org.apache.hadoop.mapreduce.Job (main): Counters: 50
	File System Counters
		FILE: Number of bytes read=180
		FILE: Number of bytes written=3037648
		FILE: Number of read operations=0
		FILE: Number of large read operations=0
		FILE: Number of write operations=0
		HDFS: Number of bytes read=1893457990
		HDFS: Number of bytes written=32
		HDFS: Number of read operations=54
		HDFS: Number of large read operations=0
		HDFS: Number of write operations=6
	Job Counters 
		Killed map tasks=1
		Launched map tasks=15
		Launched reduce tasks=3
		Data-local map tasks=15
		Total time spent by all maps in occupied slots (ms)=13897104
		Total time spent by all reduces in occupied slots (ms)=3248160
		Total time spent by all map tasks (ms)=289523
		Total time spent by all reduce tasks (ms)=33835
		Total vcore-milliseconds taken by all map tasks=289523
		Total vcore-milliseconds taken by all reduce tasks=33835
		Total megabyte-milliseconds taken by all map tasks=444707328
		Total megabyte-milliseconds taken by all reduce tasks=103941120
	Map-Reduce Framework
		Map input records=4788976
		Map output records=4788976
		Map output bytes=71834640
		Map output materialized bytes=992
		Input split bytes=2820
		Combine input records=4788976
		Combine output records=16
		Reduce input groups=2
		Reduce shuffle bytes=992
		Reduce input records=16
		Reduce output records=2
		Spilled Records=32
		Shuffled Maps =45
		Failed Shuffles=0
		Merged Map outputs=45
		GC time elapsed (ms)=4933
		CPU time spent (ms)=126110
		Physical memory (bytes) snapshot=10267561984
		Virtual memory (bytes) snapshot=63121891328
		Total committed heap usage (bytes)=9407299584
	Shuffle Errors
		BAD_ID=0
		CONNECTION=0
		IO_ERROR=0
		WRONG_LENGTH=0
		WRONG_MAP=0
		WRONG_REDUCE=0
	File Input Format Counters 
		Bytes Read=1893455170
	File Output Format Counters 
		Bytes Written=32
